<?xml version="1.0" encoding="UTF-8"?>
<!-- Generated by org.testng.reporters.JUnitXMLReporter -->
<testsuite ignored="2" hostname="DESKTOP-FSPGNRN" failures="0" tests="1" name="Test" time="10.207" errors="0" timestamp="2025-04-01T10:49:56 IST">
  <testcase classname="testCases.TC101_LoginTest" name="validate_Login_Test" time="2.276"/>
  <testcase classname="testCases.TC102_LoginDataDrivenTest" name="validate_Login_Data_Driven" time="0.0">
    <ignored/>
  </testcase> <!-- validate_Login_Data_Driven -->
  <testcase classname="testCases.TC100_AccountRegisterTest" name="create_Account_Registration" time="0.0">
    <ignored/>
  </testcase> <!-- create_Account_Registration -->
</testsuite> <!-- Test -->
