<?xml version="1.0" encoding="UTF-8"?>
<testng-results ignored="0" total="1" passed="1" failed="0" skipped="0">
  <reporter-output>
  </reporter-output>
  <suite started-at="2025-04-01T18:08:45 IST" name="Suite" finished-at="2025-04-01T18:08:53 IST" duration-ms="8246">
    <groups>
      <group name="Master">
        <method signature="TC101_LoginTest.validate_Login_Test()[pri:0, instance:testCases.TC101_LoginTest@1f010bf0]" name="validate_Login_Test" class="testCases.TC101_LoginTest"/>
      </group> <!-- Master -->
      <group name="Sanity">
        <method signature="TC101_LoginTest.validate_Login_Test()[pri:0, instance:testCases.TC101_LoginTest@1f010bf0]" name="validate_Login_Test" class="testCases.TC101_LoginTest"/>
      </group> <!-- Sanity -->
    </groups>
    <test started-at="2025-04-01T18:08:45 IST" name="Test" finished-at="2025-04-01T18:08:53 IST" duration-ms="8246">
      <class name="testCases.TC101_LoginTest">
        <test-method is-config="true" signature="setUp(java.lang.String,java.lang.String)[pri:0, instance:testCases.TC101_LoginTest@1f010bf0]" started-at="2025-04-01T18:08:45 IST" name="setUp" finished-at="2025-04-01T18:08:51 IST" duration-ms="5663" status="PASS">
          <params>
            <param index="0">
              <value>
                <![CDATA[windows]]>
              </value>
            </param>
            <param index="1">
              <value>
                <![CDATA[chrome]]>
              </value>
            </param>
          </params>
          <reporter-output>
          </reporter-output>
        </test-method> <!-- setUp -->
        <test-method signature="validate_Login_Test()[pri:0, instance:testCases.TC101_LoginTest@1f010bf0]" started-at="2025-04-01T18:08:51 IST" name="validate_Login_Test" finished-at="2025-04-01T18:08:52 IST" duration-ms="1777" status="PASS">
          <reporter-output>
          </reporter-output>
        </test-method> <!-- validate_Login_Test -->
        <test-method is-config="true" signature="tearDown()[pri:0, instance:testCases.TC101_LoginTest@1f010bf0]" started-at="2025-04-01T18:08:53 IST" name="tearDown" finished-at="2025-04-01T18:08:53 IST" duration-ms="284" status="PASS">
          <reporter-output>
          </reporter-output>
        </test-method> <!-- tearDown -->
      </class> <!-- testCases.TC101_LoginTest -->
    </test> <!-- Test -->
  </suite> <!-- Suite -->
</testng-results>
